C51 COMPILER V9.60.0.0   RGBCONVERT                                                        04/17/2021 10:04:05 PAGE 1   


C51 COMPILER V9.60.0.0, COMPILATION OF MODULE RGBCONVERT
OBJECT MODULE PLACED IN .\Objects\RGBConvert.obj
COMPILER INVOKED BY: C:\Keil\C51\BIN\C51.EXE RGBConvert.c OPTIMIZE(8,SPEED) BROWSE DEBUG OBJECTEXTEND PRINT(.\Listings\R
                    -GBConvert.lst) OBJECT(.\Objects\RGBConvert.obj)

line level    source

   1          #include "RGBConvert.h"
   2          
   3          unsigned short RGB888ToRGB565(unsigned int n888Color)
   4          {
   5   1              unsigned char cRed   = (n888Color & RGB888_RED)   >> 19;
   6   1              unsigned char cGreen = (n888Color & RGB888_GREEN) >> 10;
   7   1              unsigned char cBlue  = (n888Color & RGB888_BLUE)  >> 3;
   8   1              return (short)(cRed << 11) + (cGreen << 5) + (cBlue << 0);
   9   1      }
  10           
  11          unsigned int RGB565ToRGB888(unsigned short n565Color)
  12          {
  13   1              unsigned char cRed   = (n565Color & RGB565_RED)    >> 8;
  14   1              unsigned char cGreen = (n565Color & RGB565_GREEN)  >> 3;
  15   1              unsigned char cBlue  = (n565Color & RGB565_BLUE)   << 3;
  16   1       
  17   1              return (int)(cRed << 16) + (cGreen << 8) + (cBlue << 0);
  18   1      }


MODULE INFORMATION:   STATIC OVERLAYABLE
   CODE SIZE        =    140    ----
   CONSTANT SIZE    =   ----    ----
   XDATA SIZE       =   ----    ----
   PDATA SIZE       =   ----    ----
   DATA SIZE        =   ----    ----
   IDATA SIZE       =   ----    ----
   BIT SIZE         =   ----    ----
END OF MODULE INFORMATION.


C51 COMPILATION COMPLETE.  0 WARNING(S),  0 ERROR(S)
